<?xml version="1.0" encoding="UTF-8"?>
<!-- Generated by org.testng.reporters.JUnitXMLReporter -->
<testsuite ignored="0" hostname="LAPTOP-851HV06U" failures="0" tests="1" name="Test" time="0.072" errors="0" timestamp="2020-05-25T13:24:22 IST">
  <testcase classname="Demo.TestNGmultibrowserDemo" name="@BeforeTest setup" time="-1.590393262271E9">
    <failure type="org.testng.TestNGException" message="
Parameter &amp;apos;browserName&amp;apos; is required by BeforeTest on method setup but has not been marked @Optional or defined
in C:\Users\rahul\OneDrive\Desktop\selenium\seleniumTestJava\testngMultiBrowserDemo.xml">
      <![CDATA[org.testng.TestNGException: 
Parameter 'browserName' is required by BeforeTest on method setup but has not been marked @Optional or defined
in C:\Users\rahul\OneDrive\Desktop\selenium\seleniumTestJava\testngMultiBrowserDemo.xml
... Removed 21 stack frames]]>
    </failure>
  </testcase> <!-- @BeforeTest setup -->
  <testcase classname="Demo.TestNGmultibrowserDemo" name="@AfterTest tearDown" time="-1.590393262334E9">
    <skipped/>
  </testcase> <!-- @AfterTest tearDown -->
  <testcase classname="Demo.TestNGmultibrowserDemo" name="googleSearchTest" time="0.0">
    <skipped/>
  </testcase> <!-- googleSearchTest -->
</testsuite> <!-- Test -->
